Fri Apr 24 2015 16:57:24 GMT+0200 (CEST):
{ [Error: The specified DNS name is already taken.]
  stack: [Getter/Setter],
  code: 'ConflictError',
  statusCode: 409,
  requestId: 'cb3aab7a0c32995eb7a2f3616fa3db7e',
  __frame: 
   { name: '__1',
     line: 41,
     file: '/usr/local/azure/lib/commands/asm/service.js',
     prev: undefined,
     active: false,
     offset: 44,
     col: 8 },
  rawStack: [Getter] }
Error: The specified DNS name is already taken.
    at Function.ServiceClient._normalizeError (/usr/local/azure/node_modules/azure-common/lib/services/serviceclient.js:809:23)
    at /usr/local/azure/node_modules/azure-common/lib/services/filters/errorhandlingfilter.js:44:29
    at Request._callback (/usr/local/azure/node_modules/azure-common/lib/http/request-pipeline.js:109:14)
    at Request.self.callback (/usr/local/azure/node_modules/request/request.js:129:22)
    at Request.EventEmitter.emit (events.js:98:17)
    at Request.<anonymous> (/usr/local/azure/node_modules/request/request.js:873:14)
    at Request.EventEmitter.emit (events.js:117:20)
    at IncomingMessage.<anonymous> (/usr/local/azure/node_modules/request/request.js:824:12)
    at IncomingMessage.EventEmitter.emit (events.js:117:20)
    at _stream_readable.js:920:16
    at __1 (/usr/local/azure/lib/commands/asm/service.js:85:8)

